2019-07-26 00:00:00,917 INFO 3826 [egg-logrotator] app logger reload: got log-reload message
2019-07-26 04:29:59,832 INFO 3826 [-/127.0.0.1/-/1ms SCHEDULE /__schedule?path=/Users/coco/project/support/performance-node/node_modules/egg-multipart/app/schedule/clean_tmpdir.js&type=worker&cron=0%2030%204%20*%20*%20*&immediate=false] [egg-multipart:CleanTmpdir] start clean tmpdir: "/var/folders/fn/cr321dmx1z5d8n8tmln6bshm0000gn/T/egg-multipart-tmp/egg-demo"
2019-07-26 04:29:59,839 INFO 3826 [-/127.0.0.1/-/9ms SCHEDULE /__schedule?path=/Users/coco/project/support/performance-node/node_modules/egg-multipart/app/schedule/clean_tmpdir.js&type=worker&cron=0%2030%204%20*%20*%20*&immediate=false] [egg-multipart:CleanTmpdir] end
2019-07-26 16:27:56,034 INFO 37709 [egg:logger] init all loggers with options: {"dir":"/Users/coco/project/support/performance-node/logs/egg-demo","encoding":"utf8","env":"local","level":"DEBUG","consoleLevel":"DEBUG","disableConsoleAfterReady":false,"outputJSON":true,"buffer":true,"appLogName":"egg-demo-web.log","coreLogName":"egg-web.log","agentLogName":"egg-agent.log","errorLogName":"common-error.log","coreLogger":{"consoleLevel":"WARN"},"allowDebugAtProd":false,"type":"application"}
2019-07-26 16:27:56,069 INFO 37709 [egg-multipart] stream mode enable
2019-07-26 16:27:56,452 INFO 37709 [egg-static] starting static serve /public/ -> /Users/coco/project/support/performance-node/app/public
2019-07-26 16:27:56,454 INFO 37709 [egg-security] use methodnoallow middleware
2019-07-26 16:27:56,455 INFO 37709 [egg-security] use noopen middleware
2019-07-26 16:27:56,455 INFO 37709 [egg-security] use nosniff middleware
2019-07-26 16:27:56,456 INFO 37709 [egg-security] use xssProtection middleware
2019-07-26 16:27:56,456 INFO 37709 [egg-security] use xframe middleware
2019-07-26 16:27:56,457 INFO 37709 [egg-security] use dta middleware
2019-07-26 16:27:56,457 INFO 37709 [egg-security] compose 6 middlewares into one security middleware
2019-07-26 16:27:56,468 INFO 37709 [egg:core] dump config after load, 5ms
2019-07-26 16:27:56,491 INFO 37709 [egg-watcher:application] watcher start success
2019-07-26 16:27:57,109 INFO 37709 [egg:core] dump config after ready, 4ms
2019-07-26 16:40:06,401 INFO 37924 [egg:logger] init all loggers with options: {"dir":"/Users/coco/project/support/performance-node/logs/egg-demo","encoding":"utf8","env":"local","level":"DEBUG","consoleLevel":"DEBUG","disableConsoleAfterReady":false,"outputJSON":true,"buffer":true,"appLogName":"egg-demo-web.log","coreLogName":"egg-web.log","agentLogName":"egg-agent.log","errorLogName":"common-error.log","coreLogger":{"consoleLevel":"WARN"},"allowDebugAtProd":false,"type":"application"}
2019-07-26 16:40:06,436 INFO 37924 [egg-multipart] stream mode enable
2019-07-26 16:40:06,821 INFO 37924 [egg-static] starting static serve /public/ -> /Users/coco/project/support/performance-node/app/public
2019-07-26 16:40:06,824 INFO 37924 [egg-security] use methodnoallow middleware
2019-07-26 16:40:06,824 INFO 37924 [egg-security] use noopen middleware
2019-07-26 16:40:06,825 INFO 37924 [egg-security] use nosniff middleware
2019-07-26 16:40:06,825 INFO 37924 [egg-security] use xssProtection middleware
2019-07-26 16:40:06,826 INFO 37924 [egg-security] use xframe middleware
2019-07-26 16:40:06,826 INFO 37924 [egg-security] use dta middleware
2019-07-26 16:40:06,826 INFO 37924 [egg-security] compose 6 middlewares into one security middleware
2019-07-26 16:40:06,837 INFO 37924 [egg:core] dump config after load, 5ms
2019-07-26 16:40:06,860 INFO 37924 [egg-watcher:application] watcher start success
2019-07-26 16:40:07,552 INFO 37924 [egg:core] dump config after ready, 4ms
2019-07-29 10:09:10,688 INFO 97999 [egg:logger] init all loggers with options: {"dir":"/Users/coco/project/support/performance-node/logs/egg-demo","encoding":"utf8","env":"local","level":"DEBUG","consoleLevel":"DEBUG","disableConsoleAfterReady":false,"outputJSON":true,"buffer":true,"appLogName":"egg-demo-web.log","coreLogName":"egg-web.log","agentLogName":"egg-agent.log","errorLogName":"common-error.log","coreLogger":{"consoleLevel":"WARN"},"allowDebugAtProd":false,"type":"application"}
2019-07-29 10:09:10,726 INFO 97999 [egg-multipart] stream mode enable
2019-07-29 10:09:11,110 INFO 97999 [egg-static] starting static serve /public -> /Users/coco/project/support/performance-node/app/public
2019-07-29 10:09:11,112 INFO 97999 [egg-security] use methodnoallow middleware
2019-07-29 10:09:11,112 INFO 97999 [egg-security] use noopen middleware
2019-07-29 10:09:11,113 INFO 97999 [egg-security] use nosniff middleware
2019-07-29 10:09:11,113 INFO 97999 [egg-security] use xssProtection middleware
2019-07-29 10:09:11,114 INFO 97999 [egg-security] use xframe middleware
2019-07-29 10:09:11,114 INFO 97999 [egg-security] use dta middleware
2019-07-29 10:09:11,114 INFO 97999 [egg-security] compose 6 middlewares into one security middleware
2019-07-29 10:09:11,126 INFO 97999 [egg:core] dump config after load, 5ms
2019-07-29 10:09:11,148 INFO 97999 [egg-watcher:application] watcher start success
2019-07-29 10:09:11,621 INFO 97999 [egg:core] dump config after ready, 4ms
2019-07-29 10:10:02,141 INFO 98042 [egg:logger] init all loggers with options: {"dir":"/Users/coco/project/support/performance-node/logs/egg-demo","encoding":"utf8","env":"local","level":"DEBUG","consoleLevel":"DEBUG","disableConsoleAfterReady":false,"outputJSON":true,"buffer":true,"appLogName":"egg-demo-web.log","coreLogName":"egg-web.log","agentLogName":"egg-agent.log","errorLogName":"common-error.log","coreLogger":{"consoleLevel":"WARN"},"allowDebugAtProd":false,"type":"application"}
2019-07-29 10:10:02,187 INFO 98042 [egg-multipart] stream mode enable
2019-07-29 10:10:02,889 INFO 98042 [egg-static] starting static serve /public -> /Users/coco/project/support/performance-node/app/public
2019-07-29 10:10:02,891 INFO 98042 [egg-security] use methodnoallow middleware
2019-07-29 10:10:02,891 INFO 98042 [egg-security] use noopen middleware
2019-07-29 10:10:02,892 INFO 98042 [egg-security] use nosniff middleware
2019-07-29 10:10:02,892 INFO 98042 [egg-security] use xssProtection middleware
2019-07-29 10:10:02,893 INFO 98042 [egg-security] use xframe middleware
2019-07-29 10:10:02,893 INFO 98042 [egg-security] use dta middleware
2019-07-29 10:10:02,893 INFO 98042 [egg-security] compose 6 middlewares into one security middleware
2019-07-29 10:10:02,905 INFO 98042 [egg:core] dump config after load, 5ms
2019-07-29 10:10:02,929 INFO 98042 [egg-watcher:application] watcher start success
2019-07-29 10:10:03,292 INFO 98042 [egg:core] dump config after ready, 5ms
2019-07-29 10:10:51,405 INFO 98080 [egg:logger] init all loggers with options: {"dir":"/Users/coco/project/support/performance-node/logs/egg-demo","encoding":"utf8","env":"local","level":"DEBUG","consoleLevel":"DEBUG","disableConsoleAfterReady":false,"outputJSON":true,"buffer":true,"appLogName":"egg-demo-web.log","coreLogName":"egg-web.log","agentLogName":"egg-agent.log","errorLogName":"common-error.log","coreLogger":{"consoleLevel":"WARN"},"allowDebugAtProd":false,"type":"application"}
2019-07-29 10:10:51,447 INFO 98080 [egg-multipart] stream mode enable
2019-07-29 10:10:52,084 INFO 98080 [egg-static] starting static serve /public -> /Users/coco/project/support/performance-node/app/public
2019-07-29 10:10:52,086 INFO 98080 [egg-security] use methodnoallow middleware
2019-07-29 10:10:52,087 INFO 98080 [egg-security] use noopen middleware
2019-07-29 10:10:52,087 INFO 98080 [egg-security] use nosniff middleware
2019-07-29 10:10:52,088 INFO 98080 [egg-security] use xssProtection middleware
2019-07-29 10:10:52,088 INFO 98080 [egg-security] use xframe middleware
2019-07-29 10:10:52,089 INFO 98080 [egg-security] use dta middleware
2019-07-29 10:10:52,089 INFO 98080 [egg-security] compose 6 middlewares into one security middleware
2019-07-29 10:10:52,099 INFO 98080 [egg:core] dump config after load, 4ms
2019-07-29 10:10:52,125 INFO 98080 [egg-watcher:application] watcher start success
2019-07-29 10:11:02,133 INFO 98080 [egg:core] dump config after ready, 5ms
2019-07-29 10:12:31,009 INFO 98164 [egg:logger] init all loggers with options: {"dir":"/Users/coco/project/support/performance-node/logs/egg-demo","encoding":"utf8","env":"local","level":"DEBUG","consoleLevel":"DEBUG","disableConsoleAfterReady":false,"outputJSON":true,"buffer":true,"appLogName":"egg-demo-web.log","coreLogName":"egg-web.log","agentLogName":"egg-agent.log","errorLogName":"common-error.log","coreLogger":{"consoleLevel":"WARN"},"allowDebugAtProd":false,"type":"application"}
2019-07-29 10:12:31,045 INFO 98164 [egg-multipart] stream mode enable
2019-07-29 10:12:31,441 INFO 98164 [egg-static] starting static serve /public -> /Users/coco/project/support/performance-node/app/public
2019-07-29 10:12:31,443 INFO 98164 [egg-security] use methodnoallow middleware
2019-07-29 10:12:31,444 INFO 98164 [egg-security] use noopen middleware
2019-07-29 10:12:31,444 INFO 98164 [egg-security] use nosniff middleware
2019-07-29 10:12:31,445 INFO 98164 [egg-security] use xssProtection middleware
2019-07-29 10:12:31,445 INFO 98164 [egg-security] use xframe middleware
2019-07-29 10:12:31,446 INFO 98164 [egg-security] use dta middleware
2019-07-29 10:12:31,446 INFO 98164 [egg-security] compose 6 middlewares into one security middleware
2019-07-29 10:12:31,457 INFO 98164 [egg:core] dump config after load, 4ms
2019-07-29 10:12:31,481 INFO 98164 [egg-watcher:application] watcher start success
2019-07-29 10:12:31,843 INFO 98164 [egg:core] dump config after ready, 7ms
2019-07-29 10:23:28,257 INFO 98421 [egg:logger] init all loggers with options: {"dir":"/Users/coco/project/support/performance-node/logs/egg-demo","encoding":"utf8","env":"local","level":"DEBUG","consoleLevel":"DEBUG","disableConsoleAfterReady":false,"outputJSON":true,"buffer":true,"appLogName":"egg-demo-web.log","coreLogName":"egg-web.log","agentLogName":"egg-agent.log","errorLogName":"common-error.log","coreLogger":{"consoleLevel":"WARN"},"allowDebugAtProd":false,"type":"application"}
2019-07-29 10:23:28,302 INFO 98421 [egg-multipart] stream mode enable
2019-07-29 10:23:28,961 INFO 98421 [egg-static] starting static serve / -> /Users/coco/project/support/performance-node/app/public
2019-07-29 10:23:28,963 INFO 98421 [egg-security] use methodnoallow middleware
2019-07-29 10:23:28,964 INFO 98421 [egg-security] use noopen middleware
2019-07-29 10:23:28,964 INFO 98421 [egg-security] use nosniff middleware
2019-07-29 10:23:28,965 INFO 98421 [egg-security] use xssProtection middleware
2019-07-29 10:23:28,965 INFO 98421 [egg-security] use xframe middleware
2019-07-29 10:23:28,966 INFO 98421 [egg-security] use dta middleware
2019-07-29 10:23:28,966 INFO 98421 [egg-security] compose 6 middlewares into one security middleware
2019-07-29 10:23:28,978 INFO 98421 [egg:core] dump config after load, 6ms
2019-07-29 10:23:29,000 INFO 98421 [egg-watcher:application] watcher start success
2019-07-29 10:23:32,431 INFO 98421 [egg:core] dump config after ready, 5ms
2019-07-29 10:25:20,316 INFO 98480 [egg:logger] init all loggers with options: {"dir":"/Users/coco/project/support/performance-node/logs/egg-demo","encoding":"utf8","env":"local","level":"DEBUG","consoleLevel":"DEBUG","disableConsoleAfterReady":false,"outputJSON":true,"buffer":true,"appLogName":"egg-demo-web.log","coreLogName":"egg-web.log","agentLogName":"egg-agent.log","errorLogName":"common-error.log","coreLogger":{"consoleLevel":"WARN"},"allowDebugAtProd":false,"type":"application"}
2019-07-29 10:25:20,359 INFO 98480 [egg-multipart] stream mode enable
2019-07-29 10:25:20,977 INFO 98480 [egg-static] starting static serve / -> /Users/coco/project/support/performance-node/app/public
2019-07-29 10:25:20,979 INFO 98480 [egg-security] use methodnoallow middleware
2019-07-29 10:25:20,980 INFO 98480 [egg-security] use noopen middleware
2019-07-29 10:25:20,980 INFO 98480 [egg-security] use nosniff middleware
2019-07-29 10:25:20,980 INFO 98480 [egg-security] use xssProtection middleware
2019-07-29 10:25:20,981 INFO 98480 [egg-security] use xframe middleware
2019-07-29 10:25:20,982 INFO 98480 [egg-security] use dta middleware
2019-07-29 10:25:20,982 INFO 98480 [egg-security] compose 6 middlewares into one security middleware
2019-07-29 10:25:20,994 INFO 98480 [egg:core] dump config after load, 5ms
2019-07-29 10:25:21,016 INFO 98480 [egg-watcher:application] watcher start success
2019-07-29 10:25:26,356 INFO 98480 [egg:core] dump config after ready, 4ms
2019-07-29 10:25:55,385 INFO 98510 [egg:logger] init all loggers with options: {"dir":"/Users/coco/project/support/performance-node/logs/egg-demo","encoding":"utf8","env":"local","level":"DEBUG","consoleLevel":"DEBUG","disableConsoleAfterReady":false,"outputJSON":true,"buffer":true,"appLogName":"egg-demo-web.log","coreLogName":"egg-web.log","agentLogName":"egg-agent.log","errorLogName":"common-error.log","coreLogger":{"consoleLevel":"WARN"},"allowDebugAtProd":false,"type":"application"}
2019-07-29 10:25:55,426 INFO 98510 [egg-multipart] stream mode enable
2019-07-29 10:25:56,061 INFO 98510 [egg-static] starting static serve / -> /Users/coco/project/support/performance-node/app/public
2019-07-29 10:25:56,064 INFO 98510 [egg-security] use methodnoallow middleware
2019-07-29 10:25:56,064 INFO 98510 [egg-security] use noopen middleware
2019-07-29 10:25:56,065 INFO 98510 [egg-security] use nosniff middleware
2019-07-29 10:25:56,066 INFO 98510 [egg-security] use xssProtection middleware
2019-07-29 10:25:56,066 INFO 98510 [egg-security] use xframe middleware
2019-07-29 10:25:56,067 INFO 98510 [egg-security] use dta middleware
2019-07-29 10:25:56,067 INFO 98510 [egg-security] compose 6 middlewares into one security middleware
2019-07-29 10:25:56,081 INFO 98510 [egg:core] dump config after load, 6ms
2019-07-29 10:25:56,107 INFO 98510 [egg-watcher:application] watcher start success
2019-07-29 10:25:56,464 INFO 98510 [egg:core] dump config after ready, 3ms
2019-07-29 10:27:17,740 INFO 98550 [egg:logger] init all loggers with options: {"dir":"/Users/coco/project/support/performance-node/logs/egg-demo","encoding":"utf8","env":"local","level":"DEBUG","consoleLevel":"DEBUG","disableConsoleAfterReady":false,"outputJSON":true,"buffer":true,"appLogName":"egg-demo-web.log","coreLogName":"egg-web.log","agentLogName":"egg-agent.log","errorLogName":"common-error.log","coreLogger":{"consoleLevel":"WARN"},"allowDebugAtProd":false,"type":"application"}
2019-07-29 10:27:17,786 INFO 98550 [egg-multipart] stream mode enable
2019-07-29 10:27:18,406 INFO 98550 [egg-static] starting static serve / -> /Users/coco/project/support/performance-node/app/public
2019-07-29 10:27:18,409 INFO 98550 [egg-security] use methodnoallow middleware
2019-07-29 10:27:18,409 INFO 98550 [egg-security] use noopen middleware
2019-07-29 10:27:18,410 INFO 98550 [egg-security] use nosniff middleware
2019-07-29 10:27:18,410 INFO 98550 [egg-security] use xssProtection middleware
2019-07-29 10:27:18,411 INFO 98550 [egg-security] use xframe middleware
2019-07-29 10:27:18,411 INFO 98550 [egg-security] use dta middleware
2019-07-29 10:27:18,411 INFO 98550 [egg-security] compose 6 middlewares into one security middleware
2019-07-29 10:27:18,422 INFO 98550 [egg:core] dump config after load, 5ms
2019-07-29 10:27:18,446 INFO 98550 [egg-watcher:application] watcher start success
2019-07-29 10:27:28,463 INFO 98550 [egg:core] dump config after ready, 5ms
2019-07-29 10:27:49,113 INFO 98589 [egg:logger] init all loggers with options: {"dir":"/Users/coco/project/support/performance-node/logs/egg-demo","encoding":"utf8","env":"local","level":"DEBUG","consoleLevel":"DEBUG","disableConsoleAfterReady":false,"outputJSON":true,"buffer":true,"appLogName":"egg-demo-web.log","coreLogName":"egg-web.log","agentLogName":"egg-agent.log","errorLogName":"common-error.log","coreLogger":{"consoleLevel":"WARN"},"allowDebugAtProd":false,"type":"application"}
2019-07-29 10:27:49,154 INFO 98589 [egg-multipart] stream mode enable
2019-07-29 10:27:49,752 INFO 98589 [egg-static] starting static serve / -> /Users/coco/project/support/performance-node/app/public
2019-07-29 10:27:49,755 INFO 98589 [egg-security] use methodnoallow middleware
2019-07-29 10:27:49,755 INFO 98589 [egg-security] use noopen middleware
2019-07-29 10:27:49,756 INFO 98589 [egg-security] use nosniff middleware
2019-07-29 10:27:49,756 INFO 98589 [egg-security] use xssProtection middleware
2019-07-29 10:27:49,757 INFO 98589 [egg-security] use xframe middleware
2019-07-29 10:27:49,757 INFO 98589 [egg-security] use dta middleware
2019-07-29 10:27:49,757 INFO 98589 [egg-security] compose 6 middlewares into one security middleware
2019-07-29 10:27:49,768 INFO 98589 [egg:core] dump config after load, 4ms
2019-07-29 10:27:49,793 INFO 98589 [egg-watcher:application] watcher start success
2019-07-29 10:27:52,862 INFO 98589 [egg:core] dump config after ready, 5ms
2019-07-29 10:28:42,651 INFO 98783 [egg:logger] init all loggers with options: {"dir":"/Users/coco/project/support/performance-node/logs/egg-demo","encoding":"utf8","env":"local","level":"DEBUG","consoleLevel":"DEBUG","disableConsoleAfterReady":false,"outputJSON":true,"buffer":true,"appLogName":"egg-demo-web.log","coreLogName":"egg-web.log","agentLogName":"egg-agent.log","errorLogName":"common-error.log","coreLogger":{"consoleLevel":"WARN"},"allowDebugAtProd":false,"type":"application"}
2019-07-29 10:28:42,690 INFO 98783 [egg-multipart] stream mode enable
2019-07-29 10:28:43,287 INFO 98783 [egg-static] starting static serve /public/ -> /Users/coco/project/support/performance-node/app/public
2019-07-29 10:28:43,289 INFO 98783 [egg-security] use methodnoallow middleware
2019-07-29 10:28:43,290 INFO 98783 [egg-security] use noopen middleware
2019-07-29 10:28:43,290 INFO 98783 [egg-security] use nosniff middleware
2019-07-29 10:28:43,291 INFO 98783 [egg-security] use xssProtection middleware
2019-07-29 10:28:43,291 INFO 98783 [egg-security] use xframe middleware
2019-07-29 10:28:43,292 INFO 98783 [egg-security] use dta middleware
2019-07-29 10:28:43,292 INFO 98783 [egg-security] compose 6 middlewares into one security middleware
2019-07-29 10:28:43,303 INFO 98783 [egg:core] dump config after load, 5ms
2019-07-29 10:28:43,328 INFO 98783 [egg-watcher:application] watcher start success
2019-07-29 10:28:46,828 INFO 98783 [egg:core] dump config after ready, 4ms
2019-07-29 10:29:25,133 INFO 98851 [egg:logger] init all loggers with options: {"dir":"/Users/coco/project/support/performance-node/logs/egg-demo","encoding":"utf8","env":"local","level":"DEBUG","consoleLevel":"DEBUG","disableConsoleAfterReady":false,"outputJSON":true,"buffer":true,"appLogName":"egg-demo-web.log","coreLogName":"egg-web.log","agentLogName":"egg-agent.log","errorLogName":"common-error.log","coreLogger":{"consoleLevel":"WARN"},"allowDebugAtProd":false,"type":"application"}
2019-07-29 10:29:25,173 INFO 98851 [egg-multipart] stream mode enable
2019-07-29 10:29:25,540 INFO 98851 [egg-static] starting static serve /public/ -> /Users/coco/project/support/performance-node/app/public
2019-07-29 10:29:25,542 INFO 98851 [egg-security] use methodnoallow middleware
2019-07-29 10:29:25,542 INFO 98851 [egg-security] use noopen middleware
2019-07-29 10:29:25,542 INFO 98851 [egg-security] use nosniff middleware
2019-07-29 10:29:25,543 INFO 98851 [egg-security] use xssProtection middleware
2019-07-29 10:29:25,543 INFO 98851 [egg-security] use xframe middleware
2019-07-29 10:29:25,543 INFO 98851 [egg-security] use dta middleware
2019-07-29 10:29:25,543 INFO 98851 [egg-security] compose 6 middlewares into one security middleware
2019-07-29 10:29:25,552 INFO 98851 [egg:core] dump config after load, 4ms
2019-07-29 10:29:25,577 INFO 98851 [egg-watcher:application] watcher start success
2019-07-29 10:29:25,904 INFO 98851 [egg:core] dump config after ready, 4ms
2019-07-29 10:30:08,885 INFO 98878 [egg:logger] init all loggers with options: {"dir":"/Users/coco/project/support/performance-node/logs/egg-demo","encoding":"utf8","env":"local","level":"DEBUG","consoleLevel":"DEBUG","disableConsoleAfterReady":false,"outputJSON":true,"buffer":true,"appLogName":"egg-demo-web.log","coreLogName":"egg-web.log","agentLogName":"egg-agent.log","errorLogName":"common-error.log","coreLogger":{"consoleLevel":"WARN"},"allowDebugAtProd":false,"type":"application"}
2019-07-29 10:30:08,926 INFO 98878 [egg-multipart] stream mode enable
2019-07-29 10:30:09,521 INFO 98878 [egg-static] starting static serve /public/ -> /Users/coco/project/support/performance-node/app/public
2019-07-29 10:30:09,523 INFO 98878 [egg-security] use methodnoallow middleware
2019-07-29 10:30:09,524 INFO 98878 [egg-security] use noopen middleware
2019-07-29 10:30:09,524 INFO 98878 [egg-security] use nosniff middleware
2019-07-29 10:30:09,525 INFO 98878 [egg-security] use xssProtection middleware
2019-07-29 10:30:09,525 INFO 98878 [egg-security] use xframe middleware
2019-07-29 10:30:09,526 INFO 98878 [egg-security] use dta middleware
2019-07-29 10:30:09,526 INFO 98878 [egg-security] compose 6 middlewares into one security middleware
2019-07-29 10:30:09,536 INFO 98878 [egg:core] dump config after load, 4ms
2019-07-29 10:30:09,558 INFO 98878 [egg-watcher:application] watcher start success
2019-07-29 10:30:10,283 INFO 98878 [egg:core] dump config after ready, 4ms
2019-07-29 10:30:13,497 INFO 98889 [egg:logger] init all loggers with options: {"dir":"/Users/coco/project/support/performance-node/logs/egg-demo","encoding":"utf8","env":"local","level":"DEBUG","consoleLevel":"DEBUG","disableConsoleAfterReady":false,"outputJSON":true,"buffer":true,"appLogName":"egg-demo-web.log","coreLogName":"egg-web.log","agentLogName":"egg-agent.log","errorLogName":"common-error.log","coreLogger":{"consoleLevel":"WARN"},"allowDebugAtProd":false,"type":"application"}
2019-07-29 10:30:13,540 INFO 98889 [egg-multipart] stream mode enable
2019-07-29 10:30:13,962 INFO 98889 [egg-static] starting static serve /public/ -> /Users/coco/project/support/performance-node/app/public
2019-07-29 10:30:13,964 INFO 98889 [egg-security] use methodnoallow middleware
2019-07-29 10:30:13,964 INFO 98889 [egg-security] use noopen middleware
2019-07-29 10:30:13,964 INFO 98889 [egg-security] use nosniff middleware
2019-07-29 10:30:13,964 INFO 98889 [egg-security] use xssProtection middleware
2019-07-29 10:30:13,965 INFO 98889 [egg-security] use xframe middleware
2019-07-29 10:30:13,965 INFO 98889 [egg-security] use dta middleware
2019-07-29 10:30:13,965 INFO 98889 [egg-security] compose 6 middlewares into one security middleware
2019-07-29 10:30:13,974 INFO 98889 [egg:core] dump config after load, 4ms
2019-07-29 10:30:14,001 INFO 98889 [egg-watcher:application] watcher start success
2019-07-29 10:30:14,527 INFO 98889 [egg:core] dump config after ready, 4ms
2019-07-29 10:30:53,234 INFO 98917 [egg:logger] init all loggers with options: {"dir":"/Users/coco/project/support/performance-node/logs/egg-demo","encoding":"utf8","env":"local","level":"DEBUG","consoleLevel":"DEBUG","disableConsoleAfterReady":false,"outputJSON":true,"buffer":true,"appLogName":"egg-demo-web.log","coreLogName":"egg-web.log","agentLogName":"egg-agent.log","errorLogName":"common-error.log","coreLogger":{"consoleLevel":"WARN"},"allowDebugAtProd":false,"type":"application"}
2019-07-29 10:30:53,277 INFO 98917 [egg-multipart] stream mode enable
2019-07-29 10:30:53,898 INFO 98917 [egg-static] starting static serve /public/ -> /Users/coco/project/support/performance-node/app/public
2019-07-29 10:30:53,901 INFO 98917 [egg-security] use methodnoallow middleware
2019-07-29 10:30:53,902 INFO 98917 [egg-security] use noopen middleware
2019-07-29 10:30:53,902 INFO 98917 [egg-security] use nosniff middleware
2019-07-29 10:30:53,902 INFO 98917 [egg-security] use xssProtection middleware
2019-07-29 10:30:53,903 INFO 98917 [egg-security] use xframe middleware
2019-07-29 10:30:53,903 INFO 98917 [egg-security] use dta middleware
2019-07-29 10:30:53,903 INFO 98917 [egg-security] compose 6 middlewares into one security middleware
2019-07-29 10:30:53,914 INFO 98917 [egg:core] dump config after load, 5ms
2019-07-29 10:30:53,937 INFO 98917 [egg-watcher:application] watcher start success
2019-07-29 10:30:54,386 INFO 98917 [egg:core] dump config after ready, 4ms
2019-07-29 10:34:28,657 INFO 99003 [egg:logger] init all loggers with options: {"dir":"/Users/coco/project/support/performance-node/logs/egg-demo","encoding":"utf8","env":"local","level":"DEBUG","consoleLevel":"DEBUG","disableConsoleAfterReady":false,"outputJSON":true,"buffer":true,"appLogName":"egg-demo-web.log","coreLogName":"egg-web.log","agentLogName":"egg-agent.log","errorLogName":"common-error.log","coreLogger":{"consoleLevel":"WARN"},"allowDebugAtProd":false,"type":"application"}
2019-07-29 10:34:28,698 INFO 99003 [egg-multipart] stream mode enable
2019-07-29 10:34:29,326 INFO 99003 [egg-static] starting static serve /public/ -> /Users/coco/project/support/performance-node/app/public
2019-07-29 10:34:29,328 INFO 99003 [egg-security] use methodnoallow middleware
2019-07-29 10:34:29,328 INFO 99003 [egg-security] use noopen middleware
2019-07-29 10:34:29,329 INFO 99003 [egg-security] use nosniff middleware
2019-07-29 10:34:29,329 INFO 99003 [egg-security] use xssProtection middleware
2019-07-29 10:34:29,330 INFO 99003 [egg-security] use xframe middleware
2019-07-29 10:34:29,330 INFO 99003 [egg-security] use dta middleware
2019-07-29 10:34:29,330 INFO 99003 [egg-security] compose 6 middlewares into one security middleware
2019-07-29 10:34:29,342 INFO 99003 [egg:core] dump config after load, 5ms
2019-07-29 10:34:29,366 INFO 99003 [egg-watcher:application] watcher start success
2019-07-29 10:34:29,766 INFO 99003 [egg:core] dump config after ready, 4ms
2019-07-29 10:34:40,059 INFO 99021 [egg:logger] init all loggers with options: {"dir":"/Users/coco/project/support/performance-node/logs/egg-demo","encoding":"utf8","env":"local","level":"DEBUG","consoleLevel":"DEBUG","disableConsoleAfterReady":false,"outputJSON":true,"buffer":true,"appLogName":"egg-demo-web.log","coreLogName":"egg-web.log","agentLogName":"egg-agent.log","errorLogName":"common-error.log","coreLogger":{"consoleLevel":"WARN"},"allowDebugAtProd":false,"type":"application"}
2019-07-29 10:34:40,101 INFO 99021 [egg-multipart] stream mode enable
2019-07-29 10:34:40,491 INFO 99021 [egg-static] starting static serve / -> /Users/coco/project/support/performance-node/app/public
2019-07-29 10:34:40,493 INFO 99021 [egg-security] use methodnoallow middleware
2019-07-29 10:34:40,493 INFO 99021 [egg-security] use noopen middleware
2019-07-29 10:34:40,493 INFO 99021 [egg-security] use nosniff middleware
2019-07-29 10:34:40,494 INFO 99021 [egg-security] use xssProtection middleware
2019-07-29 10:34:40,494 INFO 99021 [egg-security] use xframe middleware
2019-07-29 10:34:40,494 INFO 99021 [egg-security] use dta middleware
2019-07-29 10:34:40,494 INFO 99021 [egg-security] compose 6 middlewares into one security middleware
2019-07-29 10:34:40,505 INFO 99021 [egg:core] dump config after load, 6ms
2019-07-29 10:34:40,530 INFO 99021 [egg-watcher:application] watcher start success
2019-07-29 10:34:40,866 INFO 99021 [egg:core] dump config after ready, 4ms
2019-07-29 10:34:47,800 INFO 99032 [egg:logger] init all loggers with options: {"dir":"/Users/coco/project/support/performance-node/logs/egg-demo","encoding":"utf8","env":"local","level":"DEBUG","consoleLevel":"DEBUG","disableConsoleAfterReady":false,"outputJSON":true,"buffer":true,"appLogName":"egg-demo-web.log","coreLogName":"egg-web.log","agentLogName":"egg-agent.log","errorLogName":"common-error.log","coreLogger":{"consoleLevel":"WARN"},"allowDebugAtProd":false,"type":"application"}
2019-07-29 10:34:47,842 INFO 99032 [egg-multipart] stream mode enable
2019-07-29 10:34:48,226 INFO 99032 [egg-static] starting static serve / -> /Users/coco/project/support/performance-node/app/public
2019-07-29 10:34:48,228 INFO 99032 [egg-security] use methodnoallow middleware
2019-07-29 10:34:48,228 INFO 99032 [egg-security] use noopen middleware
2019-07-29 10:34:48,229 INFO 99032 [egg-security] use nosniff middleware
2019-07-29 10:34:48,229 INFO 99032 [egg-security] use xssProtection middleware
2019-07-29 10:34:48,229 INFO 99032 [egg-security] use xframe middleware
2019-07-29 10:34:48,229 INFO 99032 [egg-security] use dta middleware
2019-07-29 10:34:48,230 INFO 99032 [egg-security] compose 6 middlewares into one security middleware
2019-07-29 10:34:48,238 INFO 99032 [egg:core] dump config after load, 4ms
2019-07-29 10:34:48,262 INFO 99032 [egg-watcher:application] watcher start success
2019-07-29 10:34:48,664 INFO 99032 [egg:core] dump config after ready, 3ms
2019-07-29 10:34:53,475 INFO 99043 [egg:logger] init all loggers with options: {"dir":"/Users/coco/project/support/performance-node/logs/egg-demo","encoding":"utf8","env":"local","level":"DEBUG","consoleLevel":"DEBUG","disableConsoleAfterReady":false,"outputJSON":true,"buffer":true,"appLogName":"egg-demo-web.log","coreLogName":"egg-web.log","agentLogName":"egg-agent.log","errorLogName":"common-error.log","coreLogger":{"consoleLevel":"WARN"},"allowDebugAtProd":false,"type":"application"}
2019-07-29 10:34:53,515 INFO 99043 [egg-multipart] stream mode enable
2019-07-29 10:34:53,947 INFO 99043 [egg-static] starting static serve / -> /Users/coco/project/support/performance-node/app/public
2019-07-29 10:34:53,949 INFO 99043 [egg-security] use methodnoallow middleware
2019-07-29 10:34:53,949 INFO 99043 [egg-security] use noopen middleware
2019-07-29 10:34:53,950 INFO 99043 [egg-security] use nosniff middleware
2019-07-29 10:34:53,950 INFO 99043 [egg-security] use xssProtection middleware
2019-07-29 10:34:53,950 INFO 99043 [egg-security] use xframe middleware
2019-07-29 10:34:53,950 INFO 99043 [egg-security] use dta middleware
2019-07-29 10:34:53,950 INFO 99043 [egg-security] compose 6 middlewares into one security middleware
2019-07-29 10:34:53,961 INFO 99043 [egg:core] dump config after load, 4ms
2019-07-29 10:34:53,985 INFO 99043 [egg-watcher:application] watcher start success
2019-07-29 10:34:54,467 INFO 99043 [egg:core] dump config after ready, 4ms
2019-07-29 10:35:47,518 INFO 99075 [egg:logger] init all loggers with options: {"dir":"/Users/coco/project/support/performance-node/logs/egg-demo","encoding":"utf8","env":"local","level":"DEBUG","consoleLevel":"DEBUG","disableConsoleAfterReady":false,"outputJSON":true,"buffer":true,"appLogName":"egg-demo-web.log","coreLogName":"egg-web.log","agentLogName":"egg-agent.log","errorLogName":"common-error.log","coreLogger":{"consoleLevel":"WARN"},"allowDebugAtProd":false,"type":"application"}
2019-07-29 10:35:47,559 INFO 99075 [egg-multipart] stream mode enable
2019-07-29 10:35:48,178 INFO 99075 [egg-static] starting static serve / -> /Users/coco/project/support/performance-node/app/public
2019-07-29 10:35:48,181 INFO 99075 [egg-security] use methodnoallow middleware
2019-07-29 10:35:48,181 INFO 99075 [egg-security] use noopen middleware
2019-07-29 10:35:48,182 INFO 99075 [egg-security] use nosniff middleware
2019-07-29 10:35:48,183 INFO 99075 [egg-security] use xssProtection middleware
2019-07-29 10:35:48,183 INFO 99075 [egg-security] use xframe middleware
2019-07-29 10:35:48,183 INFO 99075 [egg-security] use dta middleware
2019-07-29 10:35:48,184 INFO 99075 [egg-security] compose 6 middlewares into one security middleware
2019-07-29 10:35:48,197 INFO 99075 [egg:core] dump config after load, 6ms
2019-07-29 10:35:48,226 INFO 99075 [egg-watcher:application] watcher start success
2019-07-29 10:35:48,560 INFO 99075 [egg:core] dump config after ready, 5ms
2019-07-29 10:36:22,877 INFO 99116 [egg:logger] init all loggers with options: {"dir":"/Users/coco/project/support/performance-node/logs/egg-demo","encoding":"utf8","env":"local","level":"DEBUG","consoleLevel":"DEBUG","disableConsoleAfterReady":false,"outputJSON":true,"buffer":true,"appLogName":"egg-demo-web.log","coreLogName":"egg-web.log","agentLogName":"egg-agent.log","errorLogName":"common-error.log","coreLogger":{"consoleLevel":"WARN"},"allowDebugAtProd":false,"type":"application"}
2019-07-29 10:36:22,920 INFO 99116 [egg-multipart] stream mode enable
2019-07-29 10:36:23,543 INFO 99116 [egg-static] starting static serve / -> /Users/coco/project/support/performance-node/app/public
2019-07-29 10:36:23,545 INFO 99116 [egg-security] use methodnoallow middleware
2019-07-29 10:36:23,546 INFO 99116 [egg-security] use noopen middleware
2019-07-29 10:36:23,546 INFO 99116 [egg-security] use nosniff middleware
2019-07-29 10:36:23,547 INFO 99116 [egg-security] use xssProtection middleware
2019-07-29 10:36:23,547 INFO 99116 [egg-security] use xframe middleware
2019-07-29 10:36:23,548 INFO 99116 [egg-security] use dta middleware
2019-07-29 10:36:23,548 INFO 99116 [egg-security] compose 6 middlewares into one security middleware
2019-07-29 10:36:23,559 INFO 99116 [egg:core] dump config after load, 4ms
2019-07-29 10:36:23,584 INFO 99116 [egg-watcher:application] watcher start success
2019-07-29 10:36:23,937 INFO 99116 [egg:core] dump config after ready, 5ms
2019-07-29 10:36:41,009 INFO 99136 [egg:logger] init all loggers with options: {"dir":"/Users/coco/project/support/performance-node/logs/egg-demo","encoding":"utf8","env":"local","level":"DEBUG","consoleLevel":"DEBUG","disableConsoleAfterReady":false,"outputJSON":true,"buffer":true,"appLogName":"egg-demo-web.log","coreLogName":"egg-web.log","agentLogName":"egg-agent.log","errorLogName":"common-error.log","coreLogger":{"consoleLevel":"WARN"},"allowDebugAtProd":false,"type":"application"}
2019-07-29 10:36:41,049 INFO 99136 [egg-multipart] stream mode enable
2019-07-29 10:36:41,415 INFO 99136 [egg-static] starting static serve /public -> /Users/coco/project/support/performance-node/app/public
2019-07-29 10:36:41,417 INFO 99136 [egg-security] use methodnoallow middleware
2019-07-29 10:36:41,417 INFO 99136 [egg-security] use noopen middleware
2019-07-29 10:36:41,418 INFO 99136 [egg-security] use nosniff middleware
2019-07-29 10:36:41,418 INFO 99136 [egg-security] use xssProtection middleware
2019-07-29 10:36:41,418 INFO 99136 [egg-security] use xframe middleware
2019-07-29 10:36:41,418 INFO 99136 [egg-security] use dta middleware
2019-07-29 10:36:41,418 INFO 99136 [egg-security] compose 6 middlewares into one security middleware
2019-07-29 10:36:41,427 INFO 99136 [egg:core] dump config after load, 4ms
2019-07-29 10:36:41,451 INFO 99136 [egg-watcher:application] watcher start success
2019-07-29 10:36:51,463 INFO 99136 [egg:core] dump config after ready, 4ms
2019-07-29 10:37:12,918 INFO 99161 [egg:logger] init all loggers with options: {"dir":"/Users/coco/project/support/performance-node/logs/egg-demo","encoding":"utf8","env":"local","level":"DEBUG","consoleLevel":"DEBUG","disableConsoleAfterReady":false,"outputJSON":true,"buffer":true,"appLogName":"egg-demo-web.log","coreLogName":"egg-web.log","agentLogName":"egg-agent.log","errorLogName":"common-error.log","coreLogger":{"consoleLevel":"WARN"},"allowDebugAtProd":false,"type":"application"}
2019-07-29 10:37:12,955 INFO 99161 [egg-multipart] stream mode enable
2019-07-29 10:37:13,326 INFO 99161 [egg-static] starting static serve /public -> /Users/coco/project/support/performance-node/app/public
2019-07-29 10:37:13,328 INFO 99161 [egg-security] use methodnoallow middleware
2019-07-29 10:37:13,328 INFO 99161 [egg-security] use noopen middleware
2019-07-29 10:37:13,328 INFO 99161 [egg-security] use nosniff middleware
2019-07-29 10:37:13,329 INFO 99161 [egg-security] use xssProtection middleware
2019-07-29 10:37:13,329 INFO 99161 [egg-security] use xframe middleware
2019-07-29 10:37:13,329 INFO 99161 [egg-security] use dta middleware
2019-07-29 10:37:13,329 INFO 99161 [egg-security] compose 6 middlewares into one security middleware
2019-07-29 10:37:13,338 INFO 99161 [egg:core] dump config after load, 4ms
2019-07-29 10:37:13,362 INFO 99161 [egg-watcher:application] watcher start success
2019-07-29 10:37:13,792 INFO 99161 [egg:core] dump config after ready, 4ms
2019-07-29 10:37:14,708 INFO 99162 [egg:logger] init all loggers with options: {"dir":"/Users/coco/project/support/performance-node/logs/egg-demo","encoding":"utf8","env":"local","level":"DEBUG","consoleLevel":"DEBUG","disableConsoleAfterReady":false,"outputJSON":true,"buffer":true,"appLogName":"egg-demo-web.log","coreLogName":"egg-web.log","agentLogName":"egg-agent.log","errorLogName":"common-error.log","coreLogger":{"consoleLevel":"WARN"},"allowDebugAtProd":false,"type":"application"}
2019-07-29 10:37:14,745 INFO 99162 [egg-multipart] stream mode enable
2019-07-29 10:37:15,133 INFO 99162 [egg-static] starting static serve /public -> /Users/coco/project/support/performance-node/app/public
2019-07-29 10:37:15,135 INFO 99162 [egg-security] use methodnoallow middleware
2019-07-29 10:37:15,136 INFO 99162 [egg-security] use noopen middleware
2019-07-29 10:37:15,136 INFO 99162 [egg-security] use nosniff middleware
2019-07-29 10:37:15,137 INFO 99162 [egg-security] use xssProtection middleware
2019-07-29 10:37:15,137 INFO 99162 [egg-security] use xframe middleware
2019-07-29 10:37:15,137 INFO 99162 [egg-security] use dta middleware
2019-07-29 10:37:15,137 INFO 99162 [egg-security] compose 6 middlewares into one security middleware
2019-07-29 10:37:15,146 INFO 99162 [egg:core] dump config after load, 4ms
2019-07-29 10:37:15,173 INFO 99162 [egg-watcher:application] watcher start success
2019-07-29 10:37:16,005 INFO 99162 [egg:core] dump config after ready, 4ms
2019-07-29 10:37:53,142 INFO 99183 [egg:logger] init all loggers with options: {"dir":"/Users/coco/project/support/performance-node/logs/egg-demo","encoding":"utf8","env":"local","level":"DEBUG","consoleLevel":"DEBUG","disableConsoleAfterReady":false,"outputJSON":true,"buffer":true,"appLogName":"egg-demo-web.log","coreLogName":"egg-web.log","agentLogName":"egg-agent.log","errorLogName":"common-error.log","coreLogger":{"consoleLevel":"WARN"},"allowDebugAtProd":false,"type":"application"}
2019-07-29 10:37:53,190 INFO 99183 [egg-multipart] stream mode enable
2019-07-29 10:37:53,845 INFO 99183 [egg-static] starting static serve / -> /Users/coco/project/support/performance-node/app/public
2019-07-29 10:37:53,847 INFO 99183 [egg-security] use methodnoallow middleware
2019-07-29 10:37:53,848 INFO 99183 [egg-security] use noopen middleware
2019-07-29 10:37:53,848 INFO 99183 [egg-security] use nosniff middleware
2019-07-29 10:37:53,849 INFO 99183 [egg-security] use xssProtection middleware
2019-07-29 10:37:53,849 INFO 99183 [egg-security] use xframe middleware
2019-07-29 10:37:53,850 INFO 99183 [egg-security] use dta middleware
2019-07-29 10:37:53,850 INFO 99183 [egg-security] compose 6 middlewares into one security middleware
2019-07-29 10:37:53,862 INFO 99183 [egg:core] dump config after load, 4ms
2019-07-29 10:37:53,886 INFO 99183 [egg-watcher:application] watcher start success
2019-07-29 10:37:54,247 INFO 99183 [egg:core] dump config after ready, 4ms
2019-07-29 10:39:25,665 INFO 99244 [egg:logger] init all loggers with options: {"dir":"/Users/coco/project/support/performance-node/logs/egg-demo","encoding":"utf8","env":"local","level":"DEBUG","consoleLevel":"DEBUG","disableConsoleAfterReady":false,"outputJSON":true,"buffer":true,"appLogName":"egg-demo-web.log","coreLogName":"egg-web.log","agentLogName":"egg-agent.log","errorLogName":"common-error.log","coreLogger":{"consoleLevel":"WARN"},"allowDebugAtProd":false,"type":"application"}
2019-07-29 10:39:25,705 INFO 99244 [egg-multipart] stream mode enable
2019-07-29 10:39:26,319 INFO 99244 [egg-static] starting static serve / -> /Users/coco/project/support/performance-node/app/public
2019-07-29 10:39:26,321 INFO 99244 [egg-security] use methodnoallow middleware
2019-07-29 10:39:26,321 INFO 99244 [egg-security] use noopen middleware
2019-07-29 10:39:26,322 INFO 99244 [egg-security] use nosniff middleware
2019-07-29 10:39:26,322 INFO 99244 [egg-security] use xssProtection middleware
2019-07-29 10:39:26,323 INFO 99244 [egg-security] use xframe middleware
2019-07-29 10:39:26,323 INFO 99244 [egg-security] use dta middleware
2019-07-29 10:39:26,323 INFO 99244 [egg-security] compose 6 middlewares into one security middleware
2019-07-29 10:39:26,334 INFO 99244 [egg:core] dump config after load, 5ms
2019-07-29 10:39:26,358 INFO 99244 [egg-watcher:application] watcher start success
2019-07-29 10:39:26,854 INFO 99244 [egg:core] dump config after ready, 4ms
2019-07-29 10:45:12,564 INFO 99393 [egg:logger] init all loggers with options: {"dir":"/Users/coco/project/support/performance-node/logs/egg-demo","encoding":"utf8","env":"local","level":"DEBUG","consoleLevel":"DEBUG","disableConsoleAfterReady":false,"outputJSON":true,"buffer":true,"appLogName":"egg-demo-web.log","coreLogName":"egg-web.log","agentLogName":"egg-agent.log","errorLogName":"common-error.log","coreLogger":{"consoleLevel":"WARN"},"allowDebugAtProd":false,"type":"application"}
2019-07-29 10:45:12,604 INFO 99393 [egg-multipart] stream mode enable
2019-07-29 10:45:13,227 INFO 99393 [egg-static] starting static serve / -> /Users/coco/project/support/performance-node/app/public
2019-07-29 10:45:13,229 INFO 99393 [egg-security] use methodnoallow middleware
2019-07-29 10:45:13,230 INFO 99393 [egg-security] use noopen middleware
2019-07-29 10:45:13,230 INFO 99393 [egg-security] use nosniff middleware
2019-07-29 10:45:13,231 INFO 99393 [egg-security] use xssProtection middleware
2019-07-29 10:45:13,231 INFO 99393 [egg-security] use xframe middleware
2019-07-29 10:45:13,232 INFO 99393 [egg-security] use dta middleware
2019-07-29 10:45:13,232 INFO 99393 [egg-security] compose 6 middlewares into one security middleware
2019-07-29 10:45:13,243 INFO 99393 [egg:core] dump config after load, 4ms
2019-07-29 10:45:13,266 INFO 99393 [egg-watcher:application] watcher start success
2019-07-29 10:45:16,677 INFO 99393 [egg:core] dump config after ready, 5ms
