{"level":"DEBUG","date":"2019-07-26 00:00:00,919","pid":3825,"hostname":"cocodeiMac.local","message":"[Job#1564070400906240079991840551] /Users/coco/project/support/performance-node/node_modules/egg-logrotator/app/schedule/rotate_by_file.js finish event received by agent from worker#3826"}
{"level":"DEBUG","date":"2019-07-26 04:29:59,825","pid":3825,"hostname":"cocodeiMac.local","message":"[Job#15640865998244020779533681] /Users/coco/project/support/performance-node/node_modules/egg-multipart/app/schedule/clean_tmpdir.js triggered, send random by agent"}
{"level":"INFO","date":"2019-07-26 04:29:59,828","pid":3825,"hostname":"cocodeiMac.local","message":"[Timer] /Users/coco/project/support/performance-node/node_modules/egg-multipart/app/schedule/clean_tmpdir.js next time will execute after 86400174ms at 2019-07-27 04:30:00.002"}
{"level":"DEBUG","date":"2019-07-26 04:29:59,840","pid":3825,"hostname":"cocodeiMac.local","message":"[Job#15640865998244020779533681] /Users/coco/project/support/performance-node/node_modules/egg-multipart/app/schedule/clean_tmpdir.js finish event received by agent from worker#3826"}
{"level":"DEBUG","date":"2019-07-26 04:29:59,830","pid":3826,"hostname":"cocodeiMac.local","message":"[Job#15640865998244020779533681] /Users/coco/project/support/performance-node/node_modules/egg-multipart/app/schedule/clean_tmpdir.js task received by app"}
{"level":"INFO","date":"2019-07-26 04:29:59,830","pid":3826,"hostname":"cocodeiMac.local","message":"[Job#15640865998244020779533681] /Users/coco/project/support/performance-node/node_modules/egg-multipart/app/schedule/clean_tmpdir.js executing by app"}
{"level":"INFO","date":"2019-07-26 04:29:59,840","pid":3826,"hostname":"cocodeiMac.local","message":"[Job#15640865998244020779533681] /Users/coco/project/support/performance-node/node_modules/egg-multipart/app/schedule/clean_tmpdir.js execute succeed, used 10ms"}
{"level":"INFO","date":"2019-07-26 16:27:56,069","pid":37709,"hostname":"cocodeiMac.local","message":"[egg-schedule]: register schedule /Users/coco/project/support/performance-node/node_modules/egg-multipart/app/schedule/clean_tmpdir.js"}
{"level":"INFO","date":"2019-07-26 16:27:56,069","pid":37709,"hostname":"cocodeiMac.local","message":"[egg-schedule]: register schedule /Users/coco/project/support/performance-node/node_modules/egg-logrotator/app/schedule/clean_log.js"}
{"level":"INFO","date":"2019-07-26 16:27:56,069","pid":37709,"hostname":"cocodeiMac.local","message":"[egg-schedule]: register schedule /Users/coco/project/support/performance-node/node_modules/egg-logrotator/app/schedule/rotate_by_file.js"}
{"level":"INFO","date":"2019-07-26 16:27:56,069","pid":37709,"hostname":"cocodeiMac.local","message":"[egg-schedule]: register schedule /Users/coco/project/support/performance-node/app/schedule/pk.js"}
{"level":"INFO","date":"2019-07-26 16:40:06,435","pid":37924,"hostname":"cocodeiMac.local","message":"[egg-schedule]: register schedule /Users/coco/project/support/performance-node/node_modules/egg-multipart/app/schedule/clean_tmpdir.js"}
{"level":"INFO","date":"2019-07-26 16:40:06,435","pid":37924,"hostname":"cocodeiMac.local","message":"[egg-schedule]: register schedule /Users/coco/project/support/performance-node/node_modules/egg-logrotator/app/schedule/clean_log.js"}
{"level":"INFO","date":"2019-07-26 16:40:06,435","pid":37924,"hostname":"cocodeiMac.local","message":"[egg-schedule]: register schedule /Users/coco/project/support/performance-node/node_modules/egg-logrotator/app/schedule/rotate_by_file.js"}
{"level":"INFO","date":"2019-07-26 16:40:06,435","pid":37924,"hostname":"cocodeiMac.local","message":"[egg-schedule]: register schedule /Users/coco/project/support/performance-node/app/schedule/pk.js"}
{"level":"INFO","date":"2019-07-29 10:09:10,725","pid":97999,"hostname":"cocodeiMac.local","message":"[egg-schedule]: register schedule /Users/coco/project/support/performance-node/node_modules/egg-multipart/app/schedule/clean_tmpdir.js"}
{"level":"INFO","date":"2019-07-29 10:09:10,725","pid":97999,"hostname":"cocodeiMac.local","message":"[egg-schedule]: register schedule /Users/coco/project/support/performance-node/node_modules/egg-logrotator/app/schedule/clean_log.js"}
{"level":"INFO","date":"2019-07-29 10:09:10,725","pid":97999,"hostname":"cocodeiMac.local","message":"[egg-schedule]: register schedule /Users/coco/project/support/performance-node/node_modules/egg-logrotator/app/schedule/rotate_by_file.js"}
{"level":"INFO","date":"2019-07-29 10:09:10,725","pid":97999,"hostname":"cocodeiMac.local","message":"[egg-schedule]: register schedule /Users/coco/project/support/performance-node/app/schedule/pk.js"}
{"level":"INFO","date":"2019-07-29 10:09:11,626","pid":97991,"hostname":"cocodeiMac.local","message":"[Timer] /Users/coco/project/support/performance-node/node_modules/egg-multipart/app/schedule/clean_tmpdir.js next time will execute after 66048377ms at 2019-07-30 04:30:00.003"}
{"level":"INFO","date":"2019-07-29 10:09:11,627","pid":97991,"hostname":"cocodeiMac.local","message":"[Timer] /Users/coco/project/support/performance-node/node_modules/egg-logrotator/app/schedule/clean_log.js next time will execute after 49848374ms at 2019-07-30 00:00:00.001"}
{"level":"INFO","date":"2019-07-29 10:09:11,627","pid":97991,"hostname":"cocodeiMac.local","message":"[Timer] /Users/coco/project/support/performance-node/node_modules/egg-logrotator/app/schedule/rotate_by_file.js next time will execute after 49849373ms at 2019-07-30 00:00:01.000"}
{"level":"INFO","date":"2019-07-29 10:09:11,628","pid":97991,"hostname":"cocodeiMac.local","message":"[Timer] /Users/coco/project/support/performance-node/app/schedule/pk.js next time will execute after 49847373ms at 2019-07-29 23:59:59.001"}
{"level":"INFO","date":"2019-07-29 10:10:02,186","pid":98042,"hostname":"cocodeiMac.local","message":"[egg-schedule]: register schedule /Users/coco/project/support/performance-node/node_modules/egg-multipart/app/schedule/clean_tmpdir.js"}
{"level":"INFO","date":"2019-07-29 10:10:02,186","pid":98042,"hostname":"cocodeiMac.local","message":"[egg-schedule]: register schedule /Users/coco/project/support/performance-node/node_modules/egg-logrotator/app/schedule/clean_log.js"}
{"level":"INFO","date":"2019-07-29 10:10:02,186","pid":98042,"hostname":"cocodeiMac.local","message":"[egg-schedule]: register schedule /Users/coco/project/support/performance-node/node_modules/egg-logrotator/app/schedule/rotate_by_file.js"}
{"level":"INFO","date":"2019-07-29 10:10:02,186","pid":98042,"hostname":"cocodeiMac.local","message":"[egg-schedule]: register schedule /Users/coco/project/support/performance-node/app/schedule/pk.js"}
{"level":"INFO","date":"2019-07-29 10:10:51,446","pid":98080,"hostname":"cocodeiMac.local","message":"[egg-schedule]: register schedule /Users/coco/project/support/performance-node/node_modules/egg-multipart/app/schedule/clean_tmpdir.js"}
{"level":"INFO","date":"2019-07-29 10:10:51,446","pid":98080,"hostname":"cocodeiMac.local","message":"[egg-schedule]: register schedule /Users/coco/project/support/performance-node/node_modules/egg-logrotator/app/schedule/clean_log.js"}
{"level":"INFO","date":"2019-07-29 10:10:51,446","pid":98080,"hostname":"cocodeiMac.local","message":"[egg-schedule]: register schedule /Users/coco/project/support/performance-node/node_modules/egg-logrotator/app/schedule/rotate_by_file.js"}
{"level":"INFO","date":"2019-07-29 10:10:51,446","pid":98080,"hostname":"cocodeiMac.local","message":"[egg-schedule]: register schedule /Users/coco/project/support/performance-node/app/schedule/pk.js"}
{"level":"INFO","date":"2019-07-29 10:12:31,851","pid":98163,"hostname":"cocodeiMac.local","message":"[Timer] /Users/coco/project/support/performance-node/node_modules/egg-multipart/app/schedule/clean_tmpdir.js next time will execute after 65848153ms at 2019-07-30 04:30:00.004"}
{"level":"INFO","date":"2019-07-29 10:12:31,851","pid":98163,"hostname":"cocodeiMac.local","message":"[Timer] /Users/coco/project/support/performance-node/node_modules/egg-logrotator/app/schedule/clean_log.js next time will execute after 49648149ms at 2019-07-30 00:00:00.000"}
{"level":"INFO","date":"2019-07-29 10:12:31,852","pid":98163,"hostname":"cocodeiMac.local","message":"[Timer] /Users/coco/project/support/performance-node/node_modules/egg-logrotator/app/schedule/rotate_by_file.js next time will execute after 49649149ms at 2019-07-30 00:00:01.001"}
{"level":"INFO","date":"2019-07-29 10:12:31,854","pid":98163,"hostname":"cocodeiMac.local","message":"[Timer] /Users/coco/project/support/performance-node/app/schedule/pk.js next time will execute after 49647148ms at 2019-07-29 23:59:59.002"}
{"level":"INFO","date":"2019-07-29 10:12:31,044","pid":98164,"hostname":"cocodeiMac.local","message":"[egg-schedule]: register schedule /Users/coco/project/support/performance-node/node_modules/egg-multipart/app/schedule/clean_tmpdir.js"}
{"level":"INFO","date":"2019-07-29 10:12:31,044","pid":98164,"hostname":"cocodeiMac.local","message":"[egg-schedule]: register schedule /Users/coco/project/support/performance-node/node_modules/egg-logrotator/app/schedule/clean_log.js"}
{"level":"INFO","date":"2019-07-29 10:12:31,044","pid":98164,"hostname":"cocodeiMac.local","message":"[egg-schedule]: register schedule /Users/coco/project/support/performance-node/node_modules/egg-logrotator/app/schedule/rotate_by_file.js"}
{"level":"INFO","date":"2019-07-29 10:12:31,044","pid":98164,"hostname":"cocodeiMac.local","message":"[egg-schedule]: register schedule /Users/coco/project/support/performance-node/app/schedule/pk.js"}
{"level":"INFO","date":"2019-07-29 10:23:28,301","pid":98421,"hostname":"cocodeiMac.local","message":"[egg-schedule]: register schedule /Users/coco/project/support/performance-node/node_modules/egg-multipart/app/schedule/clean_tmpdir.js"}
{"level":"INFO","date":"2019-07-29 10:23:28,301","pid":98421,"hostname":"cocodeiMac.local","message":"[egg-schedule]: register schedule /Users/coco/project/support/performance-node/node_modules/egg-logrotator/app/schedule/clean_log.js"}
{"level":"INFO","date":"2019-07-29 10:23:28,301","pid":98421,"hostname":"cocodeiMac.local","message":"[egg-schedule]: register schedule /Users/coco/project/support/performance-node/node_modules/egg-logrotator/app/schedule/rotate_by_file.js"}
{"level":"INFO","date":"2019-07-29 10:23:28,301","pid":98421,"hostname":"cocodeiMac.local","message":"[egg-schedule]: register schedule /Users/coco/project/support/performance-node/app/schedule/pk.js"}
{"level":"INFO","date":"2019-07-29 10:25:20,358","pid":98480,"hostname":"cocodeiMac.local","message":"[egg-schedule]: register schedule /Users/coco/project/support/performance-node/node_modules/egg-multipart/app/schedule/clean_tmpdir.js"}
{"level":"INFO","date":"2019-07-29 10:25:20,358","pid":98480,"hostname":"cocodeiMac.local","message":"[egg-schedule]: register schedule /Users/coco/project/support/performance-node/node_modules/egg-logrotator/app/schedule/clean_log.js"}
{"level":"INFO","date":"2019-07-29 10:25:20,358","pid":98480,"hostname":"cocodeiMac.local","message":"[egg-schedule]: register schedule /Users/coco/project/support/performance-node/node_modules/egg-logrotator/app/schedule/rotate_by_file.js"}
{"level":"INFO","date":"2019-07-29 10:25:20,358","pid":98480,"hostname":"cocodeiMac.local","message":"[egg-schedule]: register schedule /Users/coco/project/support/performance-node/app/schedule/pk.js"}
{"level":"INFO","date":"2019-07-29 10:25:55,425","pid":98510,"hostname":"cocodeiMac.local","message":"[egg-schedule]: register schedule /Users/coco/project/support/performance-node/node_modules/egg-multipart/app/schedule/clean_tmpdir.js"}
{"level":"INFO","date":"2019-07-29 10:25:55,425","pid":98510,"hostname":"cocodeiMac.local","message":"[egg-schedule]: register schedule /Users/coco/project/support/performance-node/node_modules/egg-logrotator/app/schedule/clean_log.js"}
{"level":"INFO","date":"2019-07-29 10:25:55,425","pid":98510,"hostname":"cocodeiMac.local","message":"[egg-schedule]: register schedule /Users/coco/project/support/performance-node/node_modules/egg-logrotator/app/schedule/rotate_by_file.js"}
{"level":"INFO","date":"2019-07-29 10:25:55,425","pid":98510,"hostname":"cocodeiMac.local","message":"[egg-schedule]: register schedule /Users/coco/project/support/performance-node/app/schedule/pk.js"}
{"level":"INFO","date":"2019-07-29 10:27:17,785","pid":98550,"hostname":"cocodeiMac.local","message":"[egg-schedule]: register schedule /Users/coco/project/support/performance-node/node_modules/egg-multipart/app/schedule/clean_tmpdir.js"}
{"level":"INFO","date":"2019-07-29 10:27:17,785","pid":98550,"hostname":"cocodeiMac.local","message":"[egg-schedule]: register schedule /Users/coco/project/support/performance-node/node_modules/egg-logrotator/app/schedule/clean_log.js"}
{"level":"INFO","date":"2019-07-29 10:27:17,785","pid":98550,"hostname":"cocodeiMac.local","message":"[egg-schedule]: register schedule /Users/coco/project/support/performance-node/node_modules/egg-logrotator/app/schedule/rotate_by_file.js"}
{"level":"INFO","date":"2019-07-29 10:27:17,785","pid":98550,"hostname":"cocodeiMac.local","message":"[egg-schedule]: register schedule /Users/coco/project/support/performance-node/app/schedule/pk.js"}
{"level":"INFO","date":"2019-07-29 10:27:49,154","pid":98589,"hostname":"cocodeiMac.local","message":"[egg-schedule]: register schedule /Users/coco/project/support/performance-node/node_modules/egg-multipart/app/schedule/clean_tmpdir.js"}
{"level":"INFO","date":"2019-07-29 10:27:49,154","pid":98589,"hostname":"cocodeiMac.local","message":"[egg-schedule]: register schedule /Users/coco/project/support/performance-node/node_modules/egg-logrotator/app/schedule/clean_log.js"}
{"level":"INFO","date":"2019-07-29 10:27:49,154","pid":98589,"hostname":"cocodeiMac.local","message":"[egg-schedule]: register schedule /Users/coco/project/support/performance-node/node_modules/egg-logrotator/app/schedule/rotate_by_file.js"}
{"level":"INFO","date":"2019-07-29 10:27:49,154","pid":98589,"hostname":"cocodeiMac.local","message":"[egg-schedule]: register schedule /Users/coco/project/support/performance-node/app/schedule/pk.js"}
{"level":"INFO","date":"2019-07-29 10:28:42,690","pid":98783,"hostname":"cocodeiMac.local","message":"[egg-schedule]: register schedule /Users/coco/project/support/performance-node/node_modules/egg-multipart/app/schedule/clean_tmpdir.js"}
{"level":"INFO","date":"2019-07-29 10:28:42,690","pid":98783,"hostname":"cocodeiMac.local","message":"[egg-schedule]: register schedule /Users/coco/project/support/performance-node/node_modules/egg-logrotator/app/schedule/clean_log.js"}
{"level":"INFO","date":"2019-07-29 10:28:42,690","pid":98783,"hostname":"cocodeiMac.local","message":"[egg-schedule]: register schedule /Users/coco/project/support/performance-node/node_modules/egg-logrotator/app/schedule/rotate_by_file.js"}
{"level":"INFO","date":"2019-07-29 10:28:42,690","pid":98783,"hostname":"cocodeiMac.local","message":"[egg-schedule]: register schedule /Users/coco/project/support/performance-node/app/schedule/pk.js"}
{"level":"INFO","date":"2019-07-29 10:29:25,172","pid":98851,"hostname":"cocodeiMac.local","message":"[egg-schedule]: register schedule /Users/coco/project/support/performance-node/node_modules/egg-multipart/app/schedule/clean_tmpdir.js"}
{"level":"INFO","date":"2019-07-29 10:29:25,172","pid":98851,"hostname":"cocodeiMac.local","message":"[egg-schedule]: register schedule /Users/coco/project/support/performance-node/node_modules/egg-logrotator/app/schedule/clean_log.js"}
{"level":"INFO","date":"2019-07-29 10:29:25,172","pid":98851,"hostname":"cocodeiMac.local","message":"[egg-schedule]: register schedule /Users/coco/project/support/performance-node/node_modules/egg-logrotator/app/schedule/rotate_by_file.js"}
{"level":"INFO","date":"2019-07-29 10:29:25,172","pid":98851,"hostname":"cocodeiMac.local","message":"[egg-schedule]: register schedule /Users/coco/project/support/performance-node/app/schedule/pk.js"}
{"level":"INFO","date":"2019-07-29 10:30:08,925","pid":98878,"hostname":"cocodeiMac.local","message":"[egg-schedule]: register schedule /Users/coco/project/support/performance-node/node_modules/egg-multipart/app/schedule/clean_tmpdir.js"}
{"level":"INFO","date":"2019-07-29 10:30:08,925","pid":98878,"hostname":"cocodeiMac.local","message":"[egg-schedule]: register schedule /Users/coco/project/support/performance-node/node_modules/egg-logrotator/app/schedule/clean_log.js"}
{"level":"INFO","date":"2019-07-29 10:30:08,925","pid":98878,"hostname":"cocodeiMac.local","message":"[egg-schedule]: register schedule /Users/coco/project/support/performance-node/node_modules/egg-logrotator/app/schedule/rotate_by_file.js"}
{"level":"INFO","date":"2019-07-29 10:30:08,925","pid":98878,"hostname":"cocodeiMac.local","message":"[egg-schedule]: register schedule /Users/coco/project/support/performance-node/app/schedule/pk.js"}
{"level":"INFO","date":"2019-07-29 10:30:13,539","pid":98889,"hostname":"cocodeiMac.local","message":"[egg-schedule]: register schedule /Users/coco/project/support/performance-node/node_modules/egg-multipart/app/schedule/clean_tmpdir.js"}
{"level":"INFO","date":"2019-07-29 10:30:13,539","pid":98889,"hostname":"cocodeiMac.local","message":"[egg-schedule]: register schedule /Users/coco/project/support/performance-node/node_modules/egg-logrotator/app/schedule/clean_log.js"}
{"level":"INFO","date":"2019-07-29 10:30:13,539","pid":98889,"hostname":"cocodeiMac.local","message":"[egg-schedule]: register schedule /Users/coco/project/support/performance-node/node_modules/egg-logrotator/app/schedule/rotate_by_file.js"}
{"level":"INFO","date":"2019-07-29 10:30:13,539","pid":98889,"hostname":"cocodeiMac.local","message":"[egg-schedule]: register schedule /Users/coco/project/support/performance-node/app/schedule/pk.js"}
{"level":"INFO","date":"2019-07-29 10:30:53,277","pid":98917,"hostname":"cocodeiMac.local","message":"[egg-schedule]: register schedule /Users/coco/project/support/performance-node/node_modules/egg-multipart/app/schedule/clean_tmpdir.js"}
{"level":"INFO","date":"2019-07-29 10:30:53,277","pid":98917,"hostname":"cocodeiMac.local","message":"[egg-schedule]: register schedule /Users/coco/project/support/performance-node/node_modules/egg-logrotator/app/schedule/clean_log.js"}
{"level":"INFO","date":"2019-07-29 10:30:53,277","pid":98917,"hostname":"cocodeiMac.local","message":"[egg-schedule]: register schedule /Users/coco/project/support/performance-node/node_modules/egg-logrotator/app/schedule/rotate_by_file.js"}
{"level":"INFO","date":"2019-07-29 10:30:53,277","pid":98917,"hostname":"cocodeiMac.local","message":"[egg-schedule]: register schedule /Users/coco/project/support/performance-node/app/schedule/pk.js"}
{"level":"INFO","date":"2019-07-29 10:34:28,697","pid":99003,"hostname":"cocodeiMac.local","message":"[egg-schedule]: register schedule /Users/coco/project/support/performance-node/node_modules/egg-multipart/app/schedule/clean_tmpdir.js"}
{"level":"INFO","date":"2019-07-29 10:34:28,697","pid":99003,"hostname":"cocodeiMac.local","message":"[egg-schedule]: register schedule /Users/coco/project/support/performance-node/node_modules/egg-logrotator/app/schedule/clean_log.js"}
{"level":"INFO","date":"2019-07-29 10:34:28,697","pid":99003,"hostname":"cocodeiMac.local","message":"[egg-schedule]: register schedule /Users/coco/project/support/performance-node/node_modules/egg-logrotator/app/schedule/rotate_by_file.js"}
{"level":"INFO","date":"2019-07-29 10:34:28,697","pid":99003,"hostname":"cocodeiMac.local","message":"[egg-schedule]: register schedule /Users/coco/project/support/performance-node/app/schedule/pk.js"}
{"level":"INFO","date":"2019-07-29 10:34:40,100","pid":99021,"hostname":"cocodeiMac.local","message":"[egg-schedule]: register schedule /Users/coco/project/support/performance-node/node_modules/egg-multipart/app/schedule/clean_tmpdir.js"}
{"level":"INFO","date":"2019-07-29 10:34:40,100","pid":99021,"hostname":"cocodeiMac.local","message":"[egg-schedule]: register schedule /Users/coco/project/support/performance-node/node_modules/egg-logrotator/app/schedule/clean_log.js"}
{"level":"INFO","date":"2019-07-29 10:34:40,100","pid":99021,"hostname":"cocodeiMac.local","message":"[egg-schedule]: register schedule /Users/coco/project/support/performance-node/node_modules/egg-logrotator/app/schedule/rotate_by_file.js"}
{"level":"INFO","date":"2019-07-29 10:34:40,100","pid":99021,"hostname":"cocodeiMac.local","message":"[egg-schedule]: register schedule /Users/coco/project/support/performance-node/app/schedule/pk.js"}
{"level":"INFO","date":"2019-07-29 10:34:47,841","pid":99032,"hostname":"cocodeiMac.local","message":"[egg-schedule]: register schedule /Users/coco/project/support/performance-node/node_modules/egg-multipart/app/schedule/clean_tmpdir.js"}
{"level":"INFO","date":"2019-07-29 10:34:47,841","pid":99032,"hostname":"cocodeiMac.local","message":"[egg-schedule]: register schedule /Users/coco/project/support/performance-node/node_modules/egg-logrotator/app/schedule/clean_log.js"}
{"level":"INFO","date":"2019-07-29 10:34:47,841","pid":99032,"hostname":"cocodeiMac.local","message":"[egg-schedule]: register schedule /Users/coco/project/support/performance-node/node_modules/egg-logrotator/app/schedule/rotate_by_file.js"}
{"level":"INFO","date":"2019-07-29 10:34:47,841","pid":99032,"hostname":"cocodeiMac.local","message":"[egg-schedule]: register schedule /Users/coco/project/support/performance-node/app/schedule/pk.js"}
{"level":"INFO","date":"2019-07-29 10:34:53,515","pid":99043,"hostname":"cocodeiMac.local","message":"[egg-schedule]: register schedule /Users/coco/project/support/performance-node/node_modules/egg-multipart/app/schedule/clean_tmpdir.js"}
{"level":"INFO","date":"2019-07-29 10:34:53,515","pid":99043,"hostname":"cocodeiMac.local","message":"[egg-schedule]: register schedule /Users/coco/project/support/performance-node/node_modules/egg-logrotator/app/schedule/clean_log.js"}
{"level":"INFO","date":"2019-07-29 10:34:53,515","pid":99043,"hostname":"cocodeiMac.local","message":"[egg-schedule]: register schedule /Users/coco/project/support/performance-node/node_modules/egg-logrotator/app/schedule/rotate_by_file.js"}
{"level":"INFO","date":"2019-07-29 10:34:53,515","pid":99043,"hostname":"cocodeiMac.local","message":"[egg-schedule]: register schedule /Users/coco/project/support/performance-node/app/schedule/pk.js"}
{"level":"INFO","date":"2019-07-29 10:35:47,559","pid":99075,"hostname":"cocodeiMac.local","message":"[egg-schedule]: register schedule /Users/coco/project/support/performance-node/node_modules/egg-multipart/app/schedule/clean_tmpdir.js"}
{"level":"INFO","date":"2019-07-29 10:35:47,559","pid":99075,"hostname":"cocodeiMac.local","message":"[egg-schedule]: register schedule /Users/coco/project/support/performance-node/node_modules/egg-logrotator/app/schedule/clean_log.js"}
{"level":"INFO","date":"2019-07-29 10:35:47,559","pid":99075,"hostname":"cocodeiMac.local","message":"[egg-schedule]: register schedule /Users/coco/project/support/performance-node/node_modules/egg-logrotator/app/schedule/rotate_by_file.js"}
{"level":"INFO","date":"2019-07-29 10:35:47,559","pid":99075,"hostname":"cocodeiMac.local","message":"[egg-schedule]: register schedule /Users/coco/project/support/performance-node/app/schedule/pk.js"}
{"level":"INFO","date":"2019-07-29 10:36:22,920","pid":99116,"hostname":"cocodeiMac.local","message":"[egg-schedule]: register schedule /Users/coco/project/support/performance-node/node_modules/egg-multipart/app/schedule/clean_tmpdir.js"}
{"level":"INFO","date":"2019-07-29 10:36:22,920","pid":99116,"hostname":"cocodeiMac.local","message":"[egg-schedule]: register schedule /Users/coco/project/support/performance-node/node_modules/egg-logrotator/app/schedule/clean_log.js"}
{"level":"INFO","date":"2019-07-29 10:36:22,920","pid":99116,"hostname":"cocodeiMac.local","message":"[egg-schedule]: register schedule /Users/coco/project/support/performance-node/node_modules/egg-logrotator/app/schedule/rotate_by_file.js"}
{"level":"INFO","date":"2019-07-29 10:36:22,920","pid":99116,"hostname":"cocodeiMac.local","message":"[egg-schedule]: register schedule /Users/coco/project/support/performance-node/app/schedule/pk.js"}
{"level":"INFO","date":"2019-07-29 10:36:41,048","pid":99136,"hostname":"cocodeiMac.local","message":"[egg-schedule]: register schedule /Users/coco/project/support/performance-node/node_modules/egg-multipart/app/schedule/clean_tmpdir.js"}
{"level":"INFO","date":"2019-07-29 10:36:41,048","pid":99136,"hostname":"cocodeiMac.local","message":"[egg-schedule]: register schedule /Users/coco/project/support/performance-node/node_modules/egg-logrotator/app/schedule/clean_log.js"}
{"level":"INFO","date":"2019-07-29 10:36:41,048","pid":99136,"hostname":"cocodeiMac.local","message":"[egg-schedule]: register schedule /Users/coco/project/support/performance-node/node_modules/egg-logrotator/app/schedule/rotate_by_file.js"}
{"level":"INFO","date":"2019-07-29 10:36:41,048","pid":99136,"hostname":"cocodeiMac.local","message":"[egg-schedule]: register schedule /Users/coco/project/support/performance-node/app/schedule/pk.js"}
{"level":"INFO","date":"2019-07-29 10:37:12,954","pid":99161,"hostname":"cocodeiMac.local","message":"[egg-schedule]: register schedule /Users/coco/project/support/performance-node/node_modules/egg-multipart/app/schedule/clean_tmpdir.js"}
{"level":"INFO","date":"2019-07-29 10:37:12,954","pid":99161,"hostname":"cocodeiMac.local","message":"[egg-schedule]: register schedule /Users/coco/project/support/performance-node/node_modules/egg-logrotator/app/schedule/clean_log.js"}
{"level":"INFO","date":"2019-07-29 10:37:12,954","pid":99161,"hostname":"cocodeiMac.local","message":"[egg-schedule]: register schedule /Users/coco/project/support/performance-node/node_modules/egg-logrotator/app/schedule/rotate_by_file.js"}
{"level":"INFO","date":"2019-07-29 10:37:12,954","pid":99161,"hostname":"cocodeiMac.local","message":"[egg-schedule]: register schedule /Users/coco/project/support/performance-node/app/schedule/pk.js"}
{"level":"INFO","date":"2019-07-29 10:37:14,745","pid":99162,"hostname":"cocodeiMac.local","message":"[egg-schedule]: register schedule /Users/coco/project/support/performance-node/node_modules/egg-multipart/app/schedule/clean_tmpdir.js"}
{"level":"INFO","date":"2019-07-29 10:37:14,745","pid":99162,"hostname":"cocodeiMac.local","message":"[egg-schedule]: register schedule /Users/coco/project/support/performance-node/node_modules/egg-logrotator/app/schedule/clean_log.js"}
{"level":"INFO","date":"2019-07-29 10:37:14,745","pid":99162,"hostname":"cocodeiMac.local","message":"[egg-schedule]: register schedule /Users/coco/project/support/performance-node/node_modules/egg-logrotator/app/schedule/rotate_by_file.js"}
{"level":"INFO","date":"2019-07-29 10:37:14,745","pid":99162,"hostname":"cocodeiMac.local","message":"[egg-schedule]: register schedule /Users/coco/project/support/performance-node/app/schedule/pk.js"}
{"level":"INFO","date":"2019-07-29 10:37:53,190","pid":99183,"hostname":"cocodeiMac.local","message":"[egg-schedule]: register schedule /Users/coco/project/support/performance-node/node_modules/egg-multipart/app/schedule/clean_tmpdir.js"}
{"level":"INFO","date":"2019-07-29 10:37:53,190","pid":99183,"hostname":"cocodeiMac.local","message":"[egg-schedule]: register schedule /Users/coco/project/support/performance-node/node_modules/egg-logrotator/app/schedule/clean_log.js"}
{"level":"INFO","date":"2019-07-29 10:37:53,190","pid":99183,"hostname":"cocodeiMac.local","message":"[egg-schedule]: register schedule /Users/coco/project/support/performance-node/node_modules/egg-logrotator/app/schedule/rotate_by_file.js"}
{"level":"INFO","date":"2019-07-29 10:37:53,190","pid":99183,"hostname":"cocodeiMac.local","message":"[egg-schedule]: register schedule /Users/coco/project/support/performance-node/app/schedule/pk.js"}
{"level":"INFO","date":"2019-07-29 10:39:25,704","pid":99244,"hostname":"cocodeiMac.local","message":"[egg-schedule]: register schedule /Users/coco/project/support/performance-node/node_modules/egg-multipart/app/schedule/clean_tmpdir.js"}
{"level":"INFO","date":"2019-07-29 10:39:25,704","pid":99244,"hostname":"cocodeiMac.local","message":"[egg-schedule]: register schedule /Users/coco/project/support/performance-node/node_modules/egg-logrotator/app/schedule/clean_log.js"}
{"level":"INFO","date":"2019-07-29 10:39:25,704","pid":99244,"hostname":"cocodeiMac.local","message":"[egg-schedule]: register schedule /Users/coco/project/support/performance-node/node_modules/egg-logrotator/app/schedule/rotate_by_file.js"}
{"level":"INFO","date":"2019-07-29 10:39:25,704","pid":99244,"hostname":"cocodeiMac.local","message":"[egg-schedule]: register schedule /Users/coco/project/support/performance-node/app/schedule/pk.js"}
{"level":"INFO","date":"2019-07-29 10:45:12,604","pid":99393,"hostname":"cocodeiMac.local","message":"[egg-schedule]: register schedule /Users/coco/project/support/performance-node/node_modules/egg-multipart/app/schedule/clean_tmpdir.js"}
{"level":"INFO","date":"2019-07-29 10:45:12,604","pid":99393,"hostname":"cocodeiMac.local","message":"[egg-schedule]: register schedule /Users/coco/project/support/performance-node/node_modules/egg-logrotator/app/schedule/clean_log.js"}
{"level":"INFO","date":"2019-07-29 10:45:12,604","pid":99393,"hostname":"cocodeiMac.local","message":"[egg-schedule]: register schedule /Users/coco/project/support/performance-node/node_modules/egg-logrotator/app/schedule/rotate_by_file.js"}
{"level":"INFO","date":"2019-07-29 10:45:12,604","pid":99393,"hostname":"cocodeiMac.local","message":"[egg-schedule]: register schedule /Users/coco/project/support/performance-node/app/schedule/pk.js"}
